<?xml version="1.0" encoding="UTF-8"?>
<testng-results skipped="0" failed="0" total="1" passed="1">
  <reporter-output>
  </reporter-output>
  <suite name="Default suite" duration-ms="9664" started-at="2020-02-20T13:05:47Z" finished-at="2020-02-20T13:05:56Z">
    <groups>
    </groups>
    <test name="Default test" duration-ms="9664" started-at="2020-02-20T13:05:47Z" finished-at="2020-02-20T13:05:56Z">
      <class name="links.linksfb">
        <test-method status="PASS" signature="links1()[pri:0, instance:links.linksfb@6ea6d14e]" name="links1" duration-ms="9627" started-at="2020-02-20T18:35:47Z" finished-at="2020-02-20T18:35:56Z">
          <reporter-output>
          </reporter-output>
        </test-method> <!-- links1 -->
      </class> <!-- links.linksfb -->
    </test> <!-- Default test -->
  </suite> <!-- Default suite -->
</testng-results>
